14:25:56.896 [http-bio-8080-exec-2] INFO  Application.DatabaseConnection - Connexion : org.postgresql.jdbc.PgConnection@1afc6565
14:25:56.901 [http-bio-8080-exec-2] DEBUG Application.DatabaseConnection - instance : Application.DatabaseConnection@19f4c777
14:26:19.295 [http-bio-8080-exec-4] DEBUG Application.DatabaseConnection - instance : Application.DatabaseConnection@19f4c777
14:26:19.297 [http-bio-8080-exec-4] DEBUG Q.S.F.R.EntrepriseRepository - connection in repositoryorg.postgresql.jdbc.PgConnection@1afc6565
14:55:09.153 [http-bio-8080-exec-2] INFO  Application.DatabaseConnection - Connexion : org.postgresql.jdbc.PgConnection@7c7848e7
14:55:09.159 [http-bio-8080-exec-2] DEBUG Application.DatabaseConnection - instance : Application.DatabaseConnection@21e7051e
14:59:28.404 [main] INFO  Application.DatabaseConnection - Connexion : org.postgresql.jdbc.PgConnection@661972b0
14:59:28.407 [main] DEBUG Application.DatabaseConnection - instance : Application.DatabaseConnection@12468a38
14:59:58.228 [main] INFO  Application.DatabaseConnection - Connexion : org.postgresql.jdbc.PgConnection@661972b0
14:59:58.230 [main] DEBUG Application.DatabaseConnection - instance : Application.DatabaseConnection@12468a38
15:01:25.937 [main] INFO  Application.DatabaseConnection - Connexion : org.postgresql.jdbc.PgConnection@661972b0
15:01:25.939 [main] DEBUG Application.DatabaseConnection - instance : Application.DatabaseConnection@12468a38
15:02:04.808 [http-bio-8080-exec-2] INFO  Application.DatabaseConnection - Connexion : org.postgresql.jdbc.PgConnection@21d496e0
15:02:04.814 [http-bio-8080-exec-2] DEBUG Application.DatabaseConnection - instance : Application.DatabaseConnection@33b81032
15:22:09.619 [http-bio-8080-exec-2] INFO  Application.DatabaseConnection - Connexion : org.postgresql.jdbc.PgConnection@7d40d6d5
15:22:09.623 [http-bio-8080-exec-2] DEBUG Application.DatabaseConnection - instance : Application.DatabaseConnection@75f3283c
15:22:09.623 [http-bio-8080-exec-2] DEBUG Q.S.F.R.EntrepriseRepository - connection in repositoryorg.postgresql.jdbc.PgConnection@7d40d6d5
15:22:44.082 [http-bio-8080-exec-3] DEBUG Application.DatabaseConnection - instance : Application.DatabaseConnection@75f3283c
15:22:44.084 [http-bio-8080-exec-3] DEBUG Q.S.F.R.EntrepriseRepository - connection in repositoryorg.postgresql.jdbc.PgConnection@7d40d6d5
15:22:48.286 [http-bio-8080-exec-4] DEBUG Application.DatabaseConnection - instance : Application.DatabaseConnection@75f3283c
15:22:48.286 [http-bio-8080-exec-4] DEBUG Q.S.F.R.EntrepriseRepository - connection in repositoryorg.postgresql.jdbc.PgConnection@7d40d6d5
15:23:14.678 [http-bio-8080-exec-2] INFO  Application.DatabaseConnection - Connexion : org.postgresql.jdbc.PgConnection@41ac4fe4
15:23:14.680 [http-bio-8080-exec-2] DEBUG Application.DatabaseConnection - instance : Application.DatabaseConnection@3edeb650
15:23:14.681 [http-bio-8080-exec-2] DEBUG Q.S.F.R.EntrepriseRepository - connection in repositoryorg.postgresql.jdbc.PgConnection@41ac4fe4
15:23:21.719 [http-bio-8080-exec-4] DEBUG Application.DatabaseConnection - instance : Application.DatabaseConnection@3edeb650
15:23:21.720 [http-bio-8080-exec-4] DEBUG Q.S.F.R.EntrepriseRepository - connection in repositoryorg.postgresql.jdbc.PgConnection@41ac4fe4
15:23:27.064 [http-bio-8080-exec-6] DEBUG Application.DatabaseConnection - instance : Application.DatabaseConnection@3edeb650
15:23:27.064 [http-bio-8080-exec-6] DEBUG Q.S.F.R.EntrepriseRepository - connection in repositoryorg.postgresql.jdbc.PgConnection@41ac4fe4
15:23:58.610 [http-bio-8080-exec-3] DEBUG Application.DatabaseConnection - instance : Application.DatabaseConnection@3edeb650
15:23:58.611 [http-bio-8080-exec-3] DEBUG Q.S.F.R.EntrepriseRepository - connection in repositoryorg.postgresql.jdbc.PgConnection@41ac4fe4
15:24:15.497 [http-bio-8080-exec-8] DEBUG Application.DatabaseConnection - instance : Application.DatabaseConnection@3edeb650
15:24:15.497 [http-bio-8080-exec-8] DEBUG Q.S.F.R.EntrepriseRepository - connection in repositoryorg.postgresql.jdbc.PgConnection@41ac4fe4
15:25:37.469 [http-bio-8080-exec-2] INFO  Application.DatabaseConnection - Connexion : org.postgresql.jdbc.PgConnection@3943894b
15:25:37.475 [http-bio-8080-exec-2] DEBUG Application.DatabaseConnection - instance : Application.DatabaseConnection@5b511c52
15:25:37.476 [http-bio-8080-exec-2] DEBUG Q.S.F.R.EntrepriseRepository - connection in repositoryorg.postgresql.jdbc.PgConnection@3943894b
15:26:04.499 [http-bio-8080-exec-3] DEBUG Application.DatabaseConnection - instance : Application.DatabaseConnection@5b511c52
15:26:04.501 [http-bio-8080-exec-3] DEBUG Q.S.F.R.EntrepriseRepository - connection in repositoryorg.postgresql.jdbc.PgConnection@3943894b
15:26:33.128 [main] INFO  Application.DatabaseConnection - Connexion : org.postgresql.jdbc.PgConnection@6f15d60e
15:26:33.131 [main] DEBUG Application.DatabaseConnection - instance : Application.DatabaseConnection@1f9e9475
15:26:33.161 [main] DEBUG Application.DatabaseConnection - instance : Application.DatabaseConnection@1f9e9475
15:26:33.172 [main] DEBUG Application.DatabaseConnection - instance : Application.DatabaseConnection@1f9e9475
15:26:33.172 [main] DEBUG Q.S.F.R.EntrepriseRepository - connection in repositoryorg.postgresql.jdbc.PgConnection@6f15d60e
15:26:33.181 [main] DEBUG Application.DatabaseConnection - instance : Application.DatabaseConnection@1f9e9475
15:26:33.181 [main] DEBUG Q.S.F.R.EntrepriseRepository - connection in repositoryorg.postgresql.jdbc.PgConnection@6f15d60e
16:10:29.414 [main] INFO  Application.DatabaseConnection - Connexion : org.postgresql.jdbc.PgConnection@29d80d2b
16:10:29.416 [main] DEBUG Application.DatabaseConnection - instance : Application.DatabaseConnection@d23e042
16:10:29.450 [main] DEBUG Application.DatabaseConnection - instance : Application.DatabaseConnection@d23e042
16:10:29.453 [main] DEBUG Application.DatabaseConnection - instance : Application.DatabaseConnection@d23e042
16:10:29.454 [main] DEBUG Q.S.F.R.EntrepriseRepository - connection in repositoryorg.postgresql.jdbc.PgConnection@29d80d2b
16:10:29.464 [main] DEBUG Application.DatabaseConnection - instance : Application.DatabaseConnection@d23e042
16:10:29.465 [main] DEBUG Q.S.F.R.EntrepriseRepository - connection in repositoryorg.postgresql.jdbc.PgConnection@29d80d2b
16:12:52.119 [main] INFO  Application.DatabaseConnection - Connexion : org.postgresql.jdbc.PgConnection@245b4bdc
16:12:52.123 [main] DEBUG Application.DatabaseConnection - instance : Application.DatabaseConnection@74fe5c40
16:14:26.235 [main] INFO  Application.DatabaseConnection - Connexion : org.postgresql.jdbc.PgConnection@5af3afd9
16:14:26.238 [main] DEBUG Application.DatabaseConnection - instance : Application.DatabaseConnection@1aa7ecca
16:15:31.636 [http-bio-8080-exec-2] INFO  Application.DatabaseConnection - Connexion : org.postgresql.jdbc.PgConnection@3e6588df
16:15:31.642 [http-bio-8080-exec-2] DEBUG Application.DatabaseConnection - instance : Application.DatabaseConnection@5d51232f
16:15:31.643 [http-bio-8080-exec-2] DEBUG Q.S.F.R.EntrepriseRepository - connection in repositoryorg.postgresql.jdbc.PgConnection@3e6588df
16:15:45.497 [http-bio-8080-exec-4] DEBUG Application.DatabaseConnection - instance : Application.DatabaseConnection@5d51232f
16:15:45.499 [http-bio-8080-exec-4] DEBUG Q.S.F.R.EntrepriseRepository - connection in repositoryorg.postgresql.jdbc.PgConnection@3e6588df
16:17:29.552 [http-bio-8080-exec-1] INFO  Application.DatabaseConnection - Connexion : org.postgresql.jdbc.PgConnection@3c2f3d05
16:17:29.562 [http-bio-8080-exec-1] DEBUG Application.DatabaseConnection - instance : Application.DatabaseConnection@59d35b6d
16:17:29.565 [http-bio-8080-exec-1] DEBUG Q.S.F.R.EntrepriseRepository - connection in repositoryorg.postgresql.jdbc.PgConnection@3c2f3d05
16:20:08.702 [main] INFO  Application.DatabaseConnection - Connexion : org.postgresql.jdbc.PgConnection@6e2829c7
16:20:08.705 [main] DEBUG Application.DatabaseConnection - instance : Application.DatabaseConnection@6f43c82
16:20:08.706 [main] DEBUG Q.S.F.R.EntrepriseRepository - connection in repositoryorg.postgresql.jdbc.PgConnection@6e2829c7
16:20:50.097 [http-bio-8080-exec-1] INFO  Application.DatabaseConnection - Connexion : org.postgresql.jdbc.PgConnection@6c901809
16:20:50.099 [http-bio-8080-exec-1] DEBUG Application.DatabaseConnection - instance : Application.DatabaseConnection@62bc187f
16:20:50.099 [http-bio-8080-exec-1] DEBUG Q.S.F.R.EntrepriseRepository - connection in repositoryorg.postgresql.jdbc.PgConnection@6c901809
16:21:42.809 [http-bio-8080-exec-1] INFO  Application.DatabaseConnection - Connexion : org.postgresql.jdbc.PgConnection@2f1583f5
16:21:42.814 [http-bio-8080-exec-1] DEBUG Application.DatabaseConnection - instance : Application.DatabaseConnection@1c798335
16:21:42.815 [http-bio-8080-exec-1] DEBUG Q.S.F.R.EntrepriseRepository - connection in repositoryorg.postgresql.jdbc.PgConnection@2f1583f5
16:26:04.044 [main] INFO  Application.DatabaseConnection - Connexion : org.postgresql.jdbc.PgConnection@33ecda92
16:26:04.048 [main] DEBUG Application.DatabaseConnection - instance : Application.DatabaseConnection@1b1cfb87
16:26:04.049 [main] DEBUG Q.S.F.R.EntrepriseRepository - connection in repositoryorg.postgresql.jdbc.PgConnection@33ecda92
16:26:53.652 [http-bio-8080-exec-2] INFO  Application.DatabaseConnection - Connexion : org.postgresql.jdbc.PgConnection@313ab1cf
16:26:53.660 [http-bio-8080-exec-2] DEBUG Application.DatabaseConnection - instance : Application.DatabaseConnection@7c703ba
16:26:53.661 [http-bio-8080-exec-2] DEBUG Q.S.F.R.EntrepriseRepository - connection in repositoryorg.postgresql.jdbc.PgConnection@313ab1cf
16:28:38.236 [http-bio-8080-exec-2] INFO  Application.DatabaseConnection - Connexion : org.postgresql.jdbc.PgConnection@b4c291a
16:28:38.244 [http-bio-8080-exec-2] DEBUG Application.DatabaseConnection - instance : Application.DatabaseConnection@6a5ce1dc
16:28:38.245 [http-bio-8080-exec-2] DEBUG Q.S.F.R.EntrepriseRepository - connection in repositoryorg.postgresql.jdbc.PgConnection@b4c291a
16:29:01.903 [http-bio-8080-exec-3] DEBUG Application.DatabaseConnection - instance : Application.DatabaseConnection@6a5ce1dc
16:29:15.620 [http-bio-8080-exec-4] DEBUG Application.DatabaseConnection - instance : Application.DatabaseConnection@6a5ce1dc
16:29:15.621 [http-bio-8080-exec-4] DEBUG Q.S.F.R.EntrepriseRepository - connection in repositoryorg.postgresql.jdbc.PgConnection@b4c291a
16:30:04.505 [http-bio-8080-exec-2] INFO  Application.DatabaseConnection - Connexion : org.postgresql.jdbc.PgConnection@4e50a0aa
16:30:04.514 [http-bio-8080-exec-2] DEBUG Application.DatabaseConnection - instance : Application.DatabaseConnection@73ffe57f
16:30:04.515 [http-bio-8080-exec-2] DEBUG Q.S.F.R.EntrepriseRepository - connection in repositoryorg.postgresql.jdbc.PgConnection@4e50a0aa
16:30:48.964 [http-bio-8080-exec-5] DEBUG Application.DatabaseConnection - instance : Application.DatabaseConnection@73ffe57f
16:30:48.966 [http-bio-8080-exec-5] DEBUG Q.S.F.R.EntrepriseRepository - connection in repositoryorg.postgresql.jdbc.PgConnection@4e50a0aa
16:31:13.477 [http-bio-8080-exec-8] DEBUG Application.DatabaseConnection - instance : Application.DatabaseConnection@73ffe57f
16:32:17.992 [http-bio-8080-exec-1] DEBUG Application.DatabaseConnection - instance : Application.DatabaseConnection@73ffe57f
16:33:10.306 [http-bio-8080-exec-1] DEBUG Application.DatabaseConnection - instance : Application.DatabaseConnection@73ffe57f
16:34:09.507 [http-bio-8080-exec-1] DEBUG Application.DatabaseConnection - instance : Application.DatabaseConnection@73ffe57f
16:34:23.946 [http-bio-8080-exec-1] DEBUG Application.DatabaseConnection - instance : Application.DatabaseConnection@73ffe57f
16:34:23.946 [http-bio-8080-exec-1] DEBUG Q.S.F.R.EntrepriseRepository - connection in repositoryorg.postgresql.jdbc.PgConnection@4e50a0aa
